DRA v2 explicit
Comment: "Safra[NBA=15]"
States: 101
Acceptance-Pairs: 2
Start: 63
AP: 4 "PICKUP" "DROPOFFA" "DROPOFFB" "GOTOA"
---
State: 0
Acc-Sig:
0
71
18
93
71
71
29
74
0
71
21
77
71
71
38
77
State: 1
Acc-Sig:
1
71
22
93
71
71
84
74
1
71
24
77
71
71
87
77
State: 2
Acc-Sig:
2
71
71
71
27
40
37
76
2
71
71
71
17
41
21
72
State: 3
Acc-Sig:
3
71
71
71
29
40
42
76
3
71
71
71
28
41
43
72
State: 4
Acc-Sig:
4
71
71
71
35
40
86
76
4
71
71
71
30
41
81
72
State: 5
Acc-Sig:
5
71
71
71
32
76
37
76
5
71
71
71
19
91
21
72
State: 6
Acc-Sig:
6
71
71
71
35
99
86
76
6
71
71
71
33
100
81
72
State: 7
Acc-Sig:
7
71
71
71
89
76
42
76
7
71
71
71
88
91
43
72
State: 8
Acc-Sig:
8
71
71
71
83
76
86
76
8
71
71
71
80
72
81
72
State: 9
Acc-Sig:
9
71
71
71
85
76
86
76
9
71
71
71
79
91
81
72
State: 10
Acc-Sig:
10
71
88
93
71
71
42
74
10
71
90
77
71
71
43
77
State: 11
Acc-Sig:
11
71
78
93
71
71
84
74
11
71
81
77
71
71
87
77
State: 12
Acc-Sig:
12
94
12
4
29
39
29
6
18
91
21
11
28
41
38
11
State: 13
Acc-Sig:
13
94
12
4
32
75
29
6
19
91
21
11
19
91
21
11
State: 14
Acc-Sig:
17
94
18
92
27
9
29
8
14
91
21
72
14
1
21
1
State: 15
Acc-Sig:
18
94
18
92
29
9
29
8
15
91
21
72
25
1
38
1
State: 16
Acc-Sig:
19
94
18
92
32
9
29
8
16
91
21
72
16
1
21
1
State: 17
Acc-Sig:
17
94
18
92
27
39
29
73
17
91
21
72
17
41
21
72
State: 18
Acc-Sig:
18
94
18
92
29
39
29
73
18
91
21
72
28
41
38
72
State: 19
Acc-Sig:
19
94
18
92
32
75
29
73
19
91
21
72
19
91
21
72
State: 20
Acc-Sig:
20
94
18
92
89
75
29
73
20
91
21
72
88
91
38
72
State: 21
Acc-Sig:
20
94
18
92
89
94
29
73
21
91
21
72
90
91
38
72
State: 22
Acc-Sig:
22
94
22
92
84
75
84
73
22
91
24
72
82
72
87
72
State: 23
Acc-Sig:
23
94
22
92
89
75
84
73
23
91
24
72
88
91
87
72
State: 24
Acc-Sig:
23
94
22
92
89
94
84
73
24
91
24
72
90
91
87
72
State: 25
Acc-Sig:
28
94
88
92
29
9
42
8
25
91
90
72
25
1
43
1
State: 26
Acc-Sig:
26
94
88
92
27
39
37
73
26
91
90
72
17
41
21
72
State: 27
Acc-Sig:
27
94
89
94
27
39
37
75
26
91
90
91
17
41
21
72
State: 28
Acc-Sig:
28
94
88
92
29
39
42
73
28
91
90
72
28
41
43
72
State: 29
Acc-Sig:
29
94
89
94
29
39
42
75
28
91
90
91
28
41
43
72
State: 30
Acc-Sig:
33
94
78
92
35
39
84
73
30
91
81
72
30
41
81
72
State: 31
Acc-Sig:
31
94
88
92
32
75
37
73
31
91
90
72
19
91
21
72
State: 32
Acc-Sig:
32
94
89
94
32
75
37
75
31
91
90
91
19
91
21
72
State: 33
Acc-Sig:
33
94
78
92
35
98
84
73
33
91
81
72
33
100
81
72
State: 34
Acc-Sig:
34
94
88
92
35
98
86
73
34
91
90
72
33
100
81
72
State: 35
Acc-Sig:
35
94
89
94
35
98
86
75
34
91
90
91
33
100
81
72
State: 36
Acc-Sig:
36
94
88
92
89
75
42
73
36
91
90
72
88
91
43
72
State: 37
Acc-Sig:
37
94
89
94
89
75
42
75
36
91
90
91
88
91
43
72
State: 38
Acc-Sig:
36
94
88
92
89
94
42
73
38
91
90
72
90
91
43
72
State: 39
Acc-Sig:
94
71
71
71
85
76
86
76
94
71
71
71
79
91
81
72
State: 40
Acc-Sig:
95
71
71
71
89
76
96
76
95
71
71
71
88
91
97
72
State: 41
Acc-Sig:
91
71
78
93
71
71
84
74
91
71
81
77
71
71
87
77
State: 42
Acc-Sig:
89
94
89
94
89
75
89
75
88
91
90
91
88
91
90
72
State: 43
Acc-Sig:
88
94
88
92
89
94
89
73
90
91
90
72
90
91
90
72
State: 44
Acc-Sig: -1
0
71
18
93
71
71
29
74
0
71
21
77
71
71
38
77
State: 45
Acc-Sig: -1
2
71
71
71
27
40
37
76
2
71
71
71
17
41
21
72
State: 46
Acc-Sig: -1
3
71
71
71
29
40
42
76
3
71
71
71
28
41
43
72
State: 47
Acc-Sig: -1
5
71
71
71
32
76
37
76
5
71
71
71
19
91
21
72
State: 48
Acc-Sig: -1
7
71
71
71
89
76
42
76
7
71
71
71
88
91
43
72
State: 49
Acc-Sig: -1
10
71
88
93
71
71
42
74
10
71
90
77
71
71
43
77
State: 50
Acc-Sig: -1
12
94
12
4
29
9
29
4
15
91
21
11
25
1
38
1
State: 51
Acc-Sig: -1
13
94
12
4
32
9
29
4
16
91
21
11
16
1
21
1
State: 52
Acc-Sig: -1
17
94
18
92
27
9
29
8
14
91
21
72
14
1
21
1
State: 53
Acc-Sig: -1
20
94
18
92
89
94
29
73
21
91
21
72
90
91
38
72
State: 54
Acc-Sig: -1
28
94
88
92
29
9
42
8
25
91
90
72
25
1
43
1
State: 55
Acc-Sig: -1
27
94
89
94
27
39
37
75
26
91
90
91
17
41
21
72
State: 56
Acc-Sig: -1
29
94
89
94
29
39
42
75
28
91
90
91
28
41
43
72
State: 57
Acc-Sig: -1
32
94
89
94
32
75
37
75
31
91
90
91
19
91
21
72
State: 58
Acc-Sig: -1
37
94
89
94
89
75
42
75
36
91
90
91
88
91
43
72
State: 59
Acc-Sig: -1
36
94
88
92
89
94
42
73
38
91
90
72
90
91
43
72
State: 60
Acc-Sig: -1
60
67
60
65
61
47
61
45
60
64
62
44
60
64
62
44
State: 61
Acc-Sig: -1
61
67
61
67
61
47
61
47
60
64
62
64
60
64
62
44
State: 62
Acc-Sig: -1
60
67
60
65
61
67
61
45
62
64
62
44
62
64
62
44
State: 63
Acc-Sig: -1
61
67
61
67
61
67
61
67
62
64
62
64
62
64
62
64
State: 64
Acc-Sig: -1
64
71
50
66
71
71
56
46
64
71
53
49
71
71
59
49
State: 65
Acc-Sig: -1
65
71
71
71
55
48
58
48
65
71
71
71
52
44
53
44
State: 66
Acc-Sig: -1
66
71
71
71
56
48
69
48
66
71
71
71
54
44
70
44
State: 67
Acc-Sig: -1
67
71
71
71
57
48
58
48
67
71
71
71
51
64
53
44
State: 68
Acc-Sig: -1
68
71
71
71
61
48
69
48
68
71
71
71
60
64
70
44
State: 69
Acc-Sig: -1
89
94
89
94
89
75
89
75
88
91
90
91
88
91
90
72
State: 70
Acc-Sig: -1
88
94
88
92
89
94
89
73
90
91
90
72
90
91
90
72
State: 71
Acc-Sig: -0 -1
71
71
71
71
71
71
71
71
71
71
71
71
71
71
71
71
State: 72
Acc-Sig: +0 -1
0
71
18
93
71
71
29
74
0
71
21
77
71
71
38
77
State: 73
Acc-Sig: +0 -1
2
71
71
71
27
40
37
76
2
71
71
71
17
41
21
72
State: 74
Acc-Sig: +0 -1
3
71
71
71
29
40
42
76
3
71
71
71
28
41
43
72
State: 75
Acc-Sig: +0 -1
5
71
71
71
32
76
37
76
5
71
71
71
19
91
21
72
State: 76
Acc-Sig: +0 -1
7
71
71
71
89
76
42
76
7
71
71
71
88
91
43
72
State: 77
Acc-Sig: +0 -1
10
71
88
93
71
71
42
74
10
71
90
77
71
71
43
77
State: 78
Acc-Sig: +0 -1
12
94
12
4
29
9
29
4
15
91
21
11
25
1
38
1
State: 79
Acc-Sig: +0 -1
13
94
12
4
32
9
29
4
16
91
21
11
16
1
21
1
State: 80
Acc-Sig: +0 -1
17
94
18
92
27
9
29
8
14
91
21
72
14
1
21
1
State: 81
Acc-Sig: +0 -1
20
94
18
92
89
94
29
73
21
91
21
72
90
91
38
72
State: 82
Acc-Sig: +0 -1
28
94
88
92
29
9
42
8
25
91
90
72
25
1
43
1
State: 83
Acc-Sig: +0 -1
27
94
89
94
27
39
37
75
26
91
90
91
17
41
21
72
State: 84
Acc-Sig: +0 -1
29
94
89
94
29
39
42
75
28
91
90
91
28
41
43
72
State: 85
Acc-Sig: +0 -1
32
94
89
94
32
75
37
75
31
91
90
91
19
91
21
72
State: 86
Acc-Sig: +0 -1
37
94
89
94
89
75
42
75
36
91
90
91
88
91
43
72
State: 87
Acc-Sig: +0 -1
36
94
88
92
89
94
42
73
38
91
90
72
90
91
43
72
State: 88
Acc-Sig: +0 -1
60
67
60
65
61
47
61
45
60
64
62
44
60
64
62
44
State: 89
Acc-Sig: +0 -1
61
67
61
67
61
47
61
47
60
64
62
64
60
64
62
44
State: 90
Acc-Sig: +0 -1
60
67
60
65
61
67
61
45
62
64
62
44
62
64
62
44
State: 91
Acc-Sig: +0 -1
64
71
50
66
71
71
56
46
64
71
53
49
71
71
59
49
State: 92
Acc-Sig: +0 -1
65
71
71
71
55
48
58
48
65
71
71
71
52
44
53
44
State: 93
Acc-Sig: +0 -1
66
71
71
71
56
48
69
48
66
71
71
71
54
44
70
44
State: 94
Acc-Sig: +0 -1
67
71
71
71
57
48
58
48
67
71
71
71
51
64
53
44
State: 95
Acc-Sig: +0 -1
68
71
71
71
61
48
69
48
68
71
71
71
60
64
70
44
State: 96
Acc-Sig: +0 -1
89
94
89
94
89
75
89
75
88
91
90
91
88
91
90
72
State: 97
Acc-Sig: +0 -1
88
94
88
92
89
94
89
73
90
91
90
72
90
91
90
72
State: 98
Acc-Sig: +1
94
71
71
71
85
76
86
76
94
71
71
71
79
91
81
72
State: 99
Acc-Sig: +1
95
71
71
71
89
76
96
76
95
71
71
71
88
91
97
72
State: 100
Acc-Sig: +1
91
71
78
93
71
71
84
74
91
71
81
77
71
71
87
77
